[0.011s] Invoking command in '/home/z/下载/rm_vision-main/build/rm_vision_bringup': CMAKE_PREFIX_PATH=/opt/ros/humble /usr/bin/cmake /home/z/下载/rm_vision-main/src/rm_vision_bringup -DCMAKE_INSTALL_PREFIX=/home/z/下载/rm_vision-main/install/rm_vision_bringup
[0.134s] -- The C compiler identification is GNU 11.3.0
[0.178s] -- The CXX compiler identification is GNU 11.3.0
[0.186s] -- Detecting C compiler ABI info
[0.237s] -- Detecting C compiler ABI info - done
[0.242s] -- Check for working C compiler: /usr/bin/cc - skipped
[0.243s] -- Detecting C compile features
[0.244s] -- Detecting C compile features - done
[0.246s] -- Detecting CXX compiler ABI info
[0.301s] -- Detecting CXX compiler ABI info - done
[0.307s] -- Check for working CXX compiler: /usr/bin/c++ - skipped
[0.307s] -- Detecting CXX compile features
[0.307s] -- Detecting CXX compile features - done
[0.310s] -- Found ament_cmake_auto: 1.3.5 (/opt/ros/humble/share/ament_cmake_auto/cmake)
[0.430s] -- Found Python3: /usr/bin/python3.10 (found version "3.10.6") found components: Interpreter 
[0.493s] -- Found ament_lint_auto: 0.12.6 (/opt/ros/humble/share/ament_lint_auto/cmake)
[0.541s] -- Configuring done
[0.544s] -- Generating done
[0.545s] -- Build files have been written to: /home/z/下载/rm_vision-main/build/rm_vision_bringup
[0.549s] Invoked command in '/home/z/下载/rm_vision-main/build/rm_vision_bringup' returned '0': CMAKE_PREFIX_PATH=/opt/ros/humble /usr/bin/cmake /home/z/下载/rm_vision-main/src/rm_vision_bringup -DCMAKE_INSTALL_PREFIX=/home/z/下载/rm_vision-main/install/rm_vision_bringup
[0.551s] Invoking command in '/home/z/下载/rm_vision-main/build/rm_vision_bringup': CMAKE_PREFIX_PATH=/opt/ros/humble /usr/bin/cmake --build /home/z/下载/rm_vision-main/build/rm_vision_bringup -- -j16 -l16
[0.575s] Invoked command in '/home/z/下载/rm_vision-main/build/rm_vision_bringup' returned '0': CMAKE_PREFIX_PATH=/opt/ros/humble /usr/bin/cmake --build /home/z/下载/rm_vision-main/build/rm_vision_bringup -- -j16 -l16
[0.595s] Invoking command in '/home/z/下载/rm_vision-main/build/rm_vision_bringup': CMAKE_PREFIX_PATH=/opt/ros/humble /usr/bin/cmake --install /home/z/下载/rm_vision-main/build/rm_vision_bringup
[0.600s] -- Install configuration: ""
[0.600s] -- Installing: /home/z/下载/rm_vision-main/install/rm_vision_bringup/share/rm_vision_bringup/launch
[0.600s] -- Installing: /home/z/下载/rm_vision-main/install/rm_vision_bringup/share/rm_vision_bringup/launch/vision_bringup.launch.py
[0.600s] -- Installing: /home/z/下载/rm_vision-main/install/rm_vision_bringup/share/rm_vision_bringup/launch/no_hardware.launch.py
[0.600s] -- Installing: /home/z/下载/rm_vision-main/install/rm_vision_bringup/share/rm_vision_bringup/launch/common.py
[0.600s] -- Installing: /home/z/下载/rm_vision-main/install/rm_vision_bringup/share/rm_vision_bringup/config
[0.600s] -- Installing: /home/z/下载/rm_vision-main/install/rm_vision_bringup/share/rm_vision_bringup/config/camera_info.yaml
[0.601s] -- Installing: /home/z/下载/rm_vision-main/install/rm_vision_bringup/share/rm_vision_bringup/config/node_params.yaml
[0.601s] -- Installing: /home/z/下载/rm_vision-main/install/rm_vision_bringup/share/rm_vision_bringup/config/launch_params.yaml
[0.601s] -- Installing: /home/z/下载/rm_vision-main/install/rm_vision_bringup/share/ament_index/resource_index/package_run_dependencies/rm_vision_bringup
[0.601s] -- Installing: /home/z/下载/rm_vision-main/install/rm_vision_bringup/share/ament_index/resource_index/parent_prefix_path/rm_vision_bringup
[0.601s] -- Installing: /home/z/下载/rm_vision-main/install/rm_vision_bringup/share/rm_vision_bringup/environment/ament_prefix_path.sh
[0.601s] -- Installing: /home/z/下载/rm_vision-main/install/rm_vision_bringup/share/rm_vision_bringup/environment/ament_prefix_path.dsv
[0.601s] -- Installing: /home/z/下载/rm_vision-main/install/rm_vision_bringup/share/rm_vision_bringup/environment/path.sh
[0.601s] -- Installing: /home/z/下载/rm_vision-main/install/rm_vision_bringup/share/rm_vision_bringup/environment/path.dsv
[0.601s] -- Installing: /home/z/下载/rm_vision-main/install/rm_vision_bringup/share/rm_vision_bringup/local_setup.bash
[0.602s] -- Installing: /home/z/下载/rm_vision-main/install/rm_vision_bringup/share/rm_vision_bringup/local_setup.sh
[0.602s] -- Installing: /home/z/下载/rm_vision-main/install/rm_vision_bringup/share/rm_vision_bringup/local_setup.zsh
[0.602s] -- Installing: /home/z/下载/rm_vision-main/install/rm_vision_bringup/share/rm_vision_bringup/local_setup.dsv
[0.602s] -- Installing: /home/z/下载/rm_vision-main/install/rm_vision_bringup/share/rm_vision_bringup/package.dsv
[0.602s] -- Installing: /home/z/下载/rm_vision-main/install/rm_vision_bringup/share/ament_index/resource_index/packages/rm_vision_bringup
[0.602s] -- Installing: /home/z/下载/rm_vision-main/install/rm_vision_bringup/share/rm_vision_bringup/cmake/rm_vision_bringupConfig.cmake
[0.602s] -- Installing: /home/z/下载/rm_vision-main/install/rm_vision_bringup/share/rm_vision_bringup/cmake/rm_vision_bringupConfig-version.cmake
[0.602s] -- Installing: /home/z/下载/rm_vision-main/install/rm_vision_bringup/share/rm_vision_bringup/package.xml
[0.604s] Invoked command in '/home/z/下载/rm_vision-main/build/rm_vision_bringup' returned '0': CMAKE_PREFIX_PATH=/opt/ros/humble /usr/bin/cmake --install /home/z/下载/rm_vision-main/build/rm_vision_bringup
